2026-06-30 06:43:21,427 - INFO - Starting Data Preparation with Cluster Splitting
2026-06-30 06:43:21,428 - INFO - Processing Thionins...
2026-06-30 06:43:21,439 - INFO - Loaded 752 sequences for Thionins.
2026-06-30 06:43:21,440 - INFO - Processing Defensins...
2026-06-30 06:43:21,452 - INFO - Loaded 1737 sequences for Defensins.
2026-06-30 06:43:21,452 - INFO - Processing PSKs...
2026-06-30 06:43:21,469 - INFO - Loaded 1813 sequences for PSKs.
2026-06-30 06:43:21,470 - INFO - Processing LTPs...
2026-06-30 06:43:21,479 - INFO - Loaded 861 sequences for LTPs.
2026-06-30 06:43:21,479 - INFO - Processing Cyclotides...
2026-06-30 06:43:21,484 - INFO - Loaded 265 sequences for Cyclotides.
2026-06-30 06:43:21,484 - INFO - Processing RALFs...
2026-06-30 06:43:21,489 - INFO - Loaded 548 sequences for RALFs.
2026-06-30 06:43:21,490 - INFO - Processing Snakins...
2026-06-30 06:43:21,495 - INFO - Loaded 616 sequences for Snakins.
2026-06-30 06:43:21,496 - INFO - Processing CLE...
2026-06-30 06:43:21,505 - INFO - Loaded 1200 sequences for CLE.
2026-06-30 06:43:21,592 - INFO - Fetching 'Other' class sequences from UniProt (Target: 1940)...
2026-06-30 06:43:35,066 - INFO - Fetched 1940 'Other' class sequences.
2026-06-30 06:43:35,082 - INFO - Final dataset shape: (9687, 7)
2026-06-30 06:43:35,166 - INFO - Writing sequences to fasta for CD-HIT clustering...
2026-06-30 06:43:35,499 - INFO - Running CD-HIT: cd-hit -i dataset/all_sequences.fasta -o dataset/clustered.fasta -c 0.5 -n 2 -d 0 -M 0 -T 0
2026-06-30 06:43:50,559 - INFO - Found 3195 clusters.
2026-06-30 06:43:50,661 - INFO - Train size: 7752, Test size: 1931
2026-06-30 06:43:50,661 - INFO - Data preparation completed successfully.
