2026-06-30 20:33:41,487 - INFO - Loading features...
2026-06-30 20:33:41,615 - INFO - Classes: ['CLE' 'Cyclotides' 'Defensins' 'LTPs' 'Other' 'PSKs' 'RALFs' 'Snakins'
 'Thionins']
2026-06-30 20:33:41,617 - INFO - Training Random Forest...
2026-06-30 20:33:41,915 - INFO - Evaluating Random Forest...
2026-06-30 20:33:42,008 - INFO - Random Forest F1_Macro: 0.8277
2026-06-30 20:33:42,524 - INFO - Training Extra Trees...
2026-06-30 20:33:42,741 - INFO - Evaluating Extra Trees...
2026-06-30 20:33:42,862 - INFO - Extra Trees F1_Macro: 0.7933
2026-06-30 20:33:43,364 - INFO - Training Logistic Regression...
2026-06-30 20:33:47,328 - INFO - Evaluating Logistic Regression...
2026-06-30 20:33:47,370 - INFO - Logistic Regression F1_Macro: 0.7982
2026-06-30 20:33:47,653 - INFO - Training SVM...
2026-06-30 20:33:52,638 - INFO - Evaluating SVM...
2026-06-30 20:33:53,383 - INFO - SVM F1_Macro: 0.8079
2026-06-30 20:33:53,616 - INFO - Training MLP...
2026-06-30 20:34:01,728 - INFO - Evaluating MLP...
2026-06-30 20:34:01,745 - INFO - MLP F1_Macro: 0.7755
2026-06-30 20:34:01,975 - INFO - Training XGBoost...
2026-06-30 20:34:06,822 - INFO - Evaluating XGBoost...
2026-06-30 20:34:06,849 - INFO - XGBoost F1_Macro: 0.8429
2026-06-30 20:34:07,192 - INFO - Training LightGBM...
2026-06-30 20:34:14,611 - INFO - Evaluating LightGBM...
2026-06-30 20:34:14,652 - INFO - LightGBM F1_Macro: 0.8490
2026-06-30 20:34:15,017 - INFO - Training CatBoost...
2026-06-30 20:34:33,503 - INFO - Evaluating CatBoost...
2026-06-30 20:34:33,534 - INFO - CatBoost F1_Macro: 0.8344
2026-06-30 20:34:33,927 - INFO - 
                 Model  Accuracy  Precision    Recall  F1_Macro  F1_Weighted       MCC   ROC_AUC
0        Random Forest  0.860065   0.874385  0.823889  0.827724     0.855950  0.842654  0.960651
1          Extra Trees  0.831001   0.854871  0.794825  0.793334     0.825258  0.811134  0.957554
2  Logistic Regression  0.824543   0.841053  0.791369  0.798180     0.824145  0.802706  0.944648
3                  SVM  0.838536   0.874021  0.801534  0.807898     0.838030  0.820784  0.972691
4                  MLP  0.797632   0.812648  0.772407  0.775530     0.797736  0.772483  0.933958
5              XGBoost  0.870829   0.863718  0.839976  0.842912     0.866727  0.853865  0.975797
6             LightGBM  0.875135   0.875142  0.844934  0.849010     0.871194  0.858623  0.976635
7             CatBoost  0.865447   0.865050  0.831397  0.834363     0.860127  0.848020  0.968985
2026-06-30 20:34:33,927 - INFO - Best Model: LightGBM with F1_Macro: 0.8490
